  AIControl.cpp
  AttractorController.cpp
  AttractorMode.cpp
  AwesomeFont.cpp
  Blaster.cpp
  BlasterExplosion.cpp
  BlasterFactory.cpp
  BlasterObjectPool.cpp
  BlasterSpawner.cpp
  Bullet.cpp
  BulletFactory.cpp
  BulletObjectPool.cpp
  CentipedeBody.cpp
  CentipedeFactory.cpp
  CentipedeHead.cpp
  CentipedeObjectPool.cpp
  CentipedeSegment.cpp
  CentipedeSpawner.cpp
  CmdFactory.cpp
  CmdObjectPool.cpp
  CmdScoreByDist.cpp
  CmdScoreByVal.cpp
  Flea.cpp
  FleaFactory.cpp
  FleaObjectPool.cpp
  FleaSpawner.cpp
  GameEntityManager.cpp
  GameManager.cpp
  Glyph.cpp
  GlyphFactory.cpp
  GlyphObjectPool.cpp
  HUD.cpp
  HUDManager.cpp
  InputSystem.cpp
  KeyboardSystem.cpp
  MoveLeftDown.cpp
  MoveLeftUp.cpp
  MovementCollection.cpp
  MoveRightDown.cpp
  MoveRightUp.cpp
  Mushroom.cpp
  MushroomFactory.cpp
  MushroomGrid.cpp
  MushroomManager.cpp
  MushroomObjectPool.cpp
  OffsetArray.cpp
  Player.cpp
  PlayerManager.cpp
  PlayMode.cpp
  ScoreManager.cpp
  Scorpion.cpp
  ScorpionFactory.cpp
  ScorpionObjectPool.cpp
  ScorpionSpawner.cpp
  Spider.cpp
  SpiderFactory.cpp
  SpiderObjectPool.cpp
  SpiderSpawner.cpp
  SpriteSheet.cpp
  Stationary.cpp
  AlarmEventTimeline.cpp
  AlarmManager.cpp
  AnimatedSprite.cpp
  CollisionInfoAABB.cpp
  CollisionInfoAABBfromShape.cpp
  CollisionInfoAABBfromSprite.cpp
  CollisionInfoShape.cpp
  CollisionInfoSprite.cpp
  CollisionManager.cpp
  CollisionTools.cpp
  ConsoleMsg.cpp
  Game.cpp
  GameClock.cpp
  GameEnd.cpp
  GameObject.cpp
  GameStart.cpp
  InputEventManager.cpp
  LoadAllResources.cpp
  ResourceManager.cpp
  Scene.cpp
  SceneManager.cpp
  TEALShow.cpp
  Tools.cpp
  WindowManager.cpp
  TurnDownLeft.cpp
  TurnDownRight.cpp
  TurnUpLeft.cpp
  TurnUpRight.cpp
  Wave.cpp
  WaveManager.cpp
  main.cpp
  BensonCentipede.vcxproj -> C:\Users\cjben\Documents\GAM372\student\cbenso15\Final Sprint\Debug\BensonCentipede.exe
